<?xml version="1.0" encoding="UTF-8"?>
<testsuite name="theInKeywordExercise4.TestTheInKeywordExercise4" tests="13" skipped="0" failures="2" errors="0" timestamp="2026-02-05T14:56:04.538Z" hostname="DESKTOP-A3DTV5Q" time="0.036">
  <properties/>
  <testcase name="test01Simple" classname="theInKeywordExercise4.TestTheInKeywordExercise4" time="0.016"/>
  <testcase name="test02StartsWithUnderscore" classname="theInKeywordExercise4.TestTheInKeywordExercise4" time="0.001"/>
  <testcase name="test03Underscore" classname="theInKeywordExercise4.TestTheInKeywordExercise4" time="0.0"/>
  <testcase name="test04ContainsDigits" classname="theInKeywordExercise4.TestTheInKeywordExercise4" time="0.004"/>
  <testcase name="test05UpperCase" classname="theInKeywordExercise4.TestTheInKeywordExercise4" time="0.006">
    <failure message="java.lang.AssertionError: 'NNN' is a valid identifier" type="java.lang.AssertionError">java.lang.AssertionError: 'NNN' is a valid identifier
	at org.junit.Assert.fail(Assert.java:89)
	at org.junit.Assert.assertTrue(Assert.java:42)
	at theInKeywordExercise4.TestTheInKeywordExercise4.checkValidIdentifier(Tests.kt:13)
	at theInKeywordExercise4.TestTheInKeywordExercise4.test05UpperCase(Tests.kt:33)
	at java.base/jdk.internal.reflect.NativeMethodAccessorImpl.invoke0(Native Method)
	at java.base/jdk.internal.reflect.NativeMethodAccessorImpl.invoke(NativeMethodAccessorImpl.java:62)
	at java.base/jdk.internal.reflect.DelegatingMethodAccessorImpl.invoke(DelegatingMethodAccessorImpl.java:43)
	at java.base/java.lang.reflect.Method.invoke(Method.java:567)
	at org.junit.runners.model.FrameworkMethod$1.runReflectiveCall(FrameworkMethod.java:59)
	at org.junit.internal.runners.model.ReflectiveCallable.run(ReflectiveCallable.java:12)
	at org.junit.runners.model.FrameworkMethod.invokeExplosively(FrameworkMethod.java:56)
	at org.junit.internal.runners.statements.InvokeMethod.evaluate(InvokeMethod.java:17)
	at org.junit.internal.runners.statements.FailOnTimeout$CallableStatement.call(FailOnTimeout.java:299)
	at org.junit.internal.runners.statements.FailOnTimeout$CallableStatement.call(FailOnTimeout.java:293)
	at java.base/java.util.concurrent.FutureTask.run(FutureTask.java:264)
	at java.base/java.lang.Thread.run(Thread.java:830)
</failure>
  </testcase>
  <testcase name="test06Valid" classname="theInKeywordExercise4.TestTheInKeywordExercise4" time="0.001">
    <failure message="java.lang.AssertionError: '_N01' is a valid identifier" type="java.lang.AssertionError">java.lang.AssertionError: '_N01' is a valid identifier
	at org.junit.Assert.fail(Assert.java:89)
	at org.junit.Assert.assertTrue(Assert.java:42)
	at theInKeywordExercise4.TestTheInKeywordExercise4.checkValidIdentifier(Tests.kt:13)
	at theInKeywordExercise4.TestTheInKeywordExercise4.test06Valid(Tests.kt:36)
	at java.base/jdk.internal.reflect.NativeMethodAccessorImpl.invoke0(Native Method)
	at java.base/jdk.internal.reflect.NativeMethodAccessorImpl.invoke(NativeMethodAccessorImpl.java:62)
	at java.base/jdk.internal.reflect.DelegatingMethodAccessorImpl.invoke(DelegatingMethodAccessorImpl.java:43)
	at java.base/java.lang.reflect.Method.invoke(Method.java:567)
	at org.junit.runners.model.FrameworkMethod$1.runReflectiveCall(FrameworkMethod.java:59)
	at org.junit.internal.runners.model.ReflectiveCallable.run(ReflectiveCallable.java:12)
	at org.junit.runners.model.FrameworkMethod.invokeExplosively(FrameworkMethod.java:56)
	at org.junit.internal.runners.statements.InvokeMethod.evaluate(InvokeMethod.java:17)
	at org.junit.internal.runners.statements.FailOnTimeout$CallableStatement.call(FailOnTimeout.java:299)
	at org.junit.internal.runners.statements.FailOnTimeout$CallableStatement.call(FailOnTimeout.java:293)
	at java.base/java.util.concurrent.FutureTask.run(FutureTask.java:264)
	at java.base/java.lang.Thread.run(Thread.java:830)
</failure>
  </testcase>
  <testcase name="test07Empty" classname="theInKeywordExercise4.TestTheInKeywordExercise4" time="0.001"/>
  <testcase name="test08StartsWithDigit" classname="theInKeywordExercise4.TestTheInKeywordExercise4" time="0.0"/>
  <testcase name="test09ContainsIllegalCharacters" classname="theInKeywordExercise4.TestTheInKeywordExercise4" time="0.0"/>
  <testcase name="test10FirstIllegal" classname="theInKeywordExercise4.TestTheInKeywordExercise4" time="0.001"/>
  <testcase name="test11SomeIllegal" classname="theInKeywordExercise4.TestTheInKeywordExercise4" time="0.0"/>
  <testcase name="test12SomeIllegal" classname="theInKeywordExercise4.TestTheInKeywordExercise4" time="0.0"/>
  <testcase name="test13SomeIllegal" classname="theInKeywordExercise4.TestTheInKeywordExercise4" time="0.001"/>
  <system-out><![CDATA[]]></system-out>
  <system-err><![CDATA[]]></system-err>
</testsuite>
