<?xml version="1.0" encoding="UTF-8"?>
<testsuite name="theInKeywordExercise4.TestTheInKeywordExercise4" tests="13" skipped="0" failures="0" errors="0" timestamp="2026-02-05T16:12:52.024Z" hostname="DESKTOP-A3DTV5Q" time="0.043">
  <properties/>
  <testcase name="test01Simple" classname="theInKeywordExercise4.TestTheInKeywordExercise4" time="0.022"/>
  <testcase name="test02StartsWithUnderscore" classname="theInKeywordExercise4.TestTheInKeywordExercise4" time="0.0"/>
  <testcase name="test03Underscore" classname="theInKeywordExercise4.TestTheInKeywordExercise4" time="0.0"/>
  <testcase name="test04ContainsDigits" classname="theInKeywordExercise4.TestTheInKeywordExercise4" time="0.0"/>
  <testcase name="test05UpperCase" classname="theInKeywordExercise4.TestTheInKeywordExercise4" time="0.0"/>
  <testcase name="test06Valid" classname="theInKeywordExercise4.TestTheInKeywordExercise4" time="0.001"/>
  <testcase name="test07Empty" classname="theInKeywordExercise4.TestTheInKeywordExercise4" time="0.001"/>
  <testcase name="test08StartsWithDigit" classname="theInKeywordExercise4.TestTheInKeywordExercise4" time="0.001"/>
  <testcase name="test09ContainsIllegalCharacters" classname="theInKeywordExercise4.TestTheInKeywordExercise4" time="0.001"/>
  <testcase name="test10FirstIllegal" classname="theInKeywordExercise4.TestTheInKeywordExercise4" time="0.001"/>
  <testcase name="test11SomeIllegal" classname="theInKeywordExercise4.TestTheInKeywordExercise4" time="0.005"/>
  <testcase name="test12SomeIllegal" classname="theInKeywordExercise4.TestTheInKeywordExercise4" time="0.003"/>
  <testcase name="test13SomeIllegal" classname="theInKeywordExercise4.TestTheInKeywordExercise4" time="0.001"/>
  <system-out><![CDATA[]]></system-out>
  <system-err><![CDATA[]]></system-err>
</testsuite>
